{"level":"info","message":"\r✅ Mongodb connected successfully in 2680ms","timestamp":"22-06-2026 15:03:09"}
{"level":"info","message":"[payoutCron] Payout cron scheduled (Sundays 08:00 UTC)","timestamp":"22-06-2026 15:03:09"}
{"level":"info","message":"[payoutCron] Payout for 2026-06-21T08:00:00.000Z status: completed — no action needed.","timestamp":"22-06-2026 15:03:14"}
{"level":"info","message":"\r✅ Mongodb connected successfully in 2691ms","timestamp":"22-06-2026 15:05:52"}
{"level":"info","message":"[payoutCron] Payout cron scheduled (Sundays 08:00 UTC)","timestamp":"22-06-2026 15:05:52"}
{"level":"info","message":"[payoutCron] Payout for 2026-06-21T08:00:00.000Z status: completed — no action needed.","timestamp":"22-06-2026 15:05:56"}
{"level":"info","message":"\r✅ Mongodb connected successfully in 2651ms","timestamp":"22-06-2026 15:06:18"}
{"level":"info","message":"[payoutCron] Payout cron scheduled (Sundays 08:00 UTC)","timestamp":"22-06-2026 15:06:19"}
{"level":"info","message":"[payoutCron] Payout for 2026-06-21T08:00:00.000Z status: completed — no action needed.","timestamp":"22-06-2026 15:06:22"}
{"level":"info","message":"\r✅ Mongodb connected successfully in 2686ms","timestamp":"22-06-2026 15:08:01"}
{"level":"info","message":"[payoutCron] Payout cron scheduled (Sundays 08:00 UTC)","timestamp":"22-06-2026 15:08:01"}
{"level":"info","message":"[payoutCron] Payout for 2026-06-21T08:00:00.000Z status: completed — no action needed.","timestamp":"22-06-2026 15:08:04"}
{"level":"info","message":"🖥️ IP: ::1 📅: Monday 🌐 Incoming Request: \u001b[34mPOST ✏️\u001b[39m \u001b[32m200 🎉\u001b[39m \u001b[35m/api/v1/auth/login\u001b[39m ⏱️ Response Time: \u001b[93m353 ms\u001b[39m","size":"786","timestamp":"22-06-2026 15:08:47"}
{"level":"info","message":"🖥️ IP: ::1 📅: Monday 🌐 Incoming Request: \u001b[34mPOST ✏️\u001b[39m \u001b[32m200 🎉\u001b[39m \u001b[35m/api/v1/auth/login\u001b[39m ⏱️ Response Time: \u001b[93m342 ms\u001b[39m","size":"786","timestamp":"22-06-2026 15:09:20"}
{"level":"info","message":"🖥️ IP: ::1 📅: Monday 🌐 Incoming Request: \u001b[32mGET 🔍\u001b[39m \u001b[32m200 🎉\u001b[39m \u001b[35m/api/v1/user/getMe\u001b[39m ⏱️ Response Time: \u001b[93m570 ms\u001b[39m","size":"272","timestamp":"22-06-2026 15:09:21"}
{"level":"info","message":"🖥️ IP: ::1 📅: Monday 🌐 Incoming Request: \u001b[32mGET 🔍\u001b[39m \u001b[32m200 🎉\u001b[39m \u001b[35m/api/v1/stats?period=weekly&weeks=4\u001b[39m ⏱️ Response Time: \u001b[93m2564 ms\u001b[39m","size":"1076","timestamp":"22-06-2026 15:09:23"}
{"level":"info","message":"🖥️ IP: ::1 📅: Monday 🌐 Incoming Request: \u001b[32mGET 🔍\u001b[39m \u001b[32m200 🎉\u001b[39m \u001b[35m/api/v1/teacher\u001b[39m ⏱️ Response Time: \u001b[93m277 ms\u001b[39m","size":"89","timestamp":"22-06-2026 15:09:28"}
{"level":"info","message":"🖥️ IP: ::1 📅: Monday 🌐 Incoming Request: \u001b[32mGET 🔍\u001b[39m \u001b[32m200 🎉\u001b[39m \u001b[35m/api/v1/student\u001b[39m ⏱️ Response Time: \u001b[93m2074 ms\u001b[39m","size":"178837","timestamp":"22-06-2026 15:09:32"}
{"level":"info","message":"🖥️ IP: ::1 📅: Monday 🌐 Incoming Request: \u001b[32mGET 🔍\u001b[39m \u001b[34m304 ❗\u001b[39m \u001b[35m/api/v1/user/getMe\u001b[39m ⏱️ Response Time: \u001b[93m556 ms\u001b[39m","size":0,"timestamp":"22-06-2026 15:09:50"}
{"level":"info","message":"🖥️ IP: ::1 📅: Monday 🌐 Incoming Request: \u001b[32mGET 🔍\u001b[39m \u001b[34m304 ❗\u001b[39m \u001b[35m/api/v1/student\u001b[39m ⏱️ Response Time: \u001b[93m2170 ms\u001b[39m","size":0,"timestamp":"22-06-2026 15:09:52"}
{"level":"info","message":"🖥️ IP: ::1 📅: Monday 🌐 Incoming Request: \u001b[32mGET 🔍\u001b[39m \u001b[34m304 ❗\u001b[39m \u001b[35m/api/v1/user/getMe\u001b[39m ⏱️ Response Time: \u001b[93m565 ms\u001b[39m","size":0,"timestamp":"22-06-2026 15:12:12"}
{"level":"info","message":"🖥️ IP: ::1 📅: Monday 🌐 Incoming Request: \u001b[32mGET 🔍\u001b[39m \u001b[34m304 ❗\u001b[39m \u001b[35m/api/v1/student\u001b[39m ⏱️ Response Time: \u001b[93m1421 ms\u001b[39m","size":0,"timestamp":"22-06-2026 15:12:12"}
{"level":"info","message":"🖥️ IP: ::1 📅: Monday 🌐 Incoming Request: \u001b[32mGET 🔍\u001b[39m \u001b[34m304 ❗\u001b[39m \u001b[35m/api/v1/user/getMe\u001b[39m ⏱️ Response Time: \u001b[93m583 ms\u001b[39m","size":0,"timestamp":"22-06-2026 15:14:11"}
{"level":"info","message":"🖥️ IP: ::1 📅: Monday 🌐 Incoming Request: \u001b[32mGET 🔍\u001b[39m \u001b[34m304 ❗\u001b[39m \u001b[35m/api/v1/student\u001b[39m ⏱️ Response Time: \u001b[93m1429 ms\u001b[39m","size":0,"timestamp":"22-06-2026 15:14:12"}
{"level":"info","message":"🖥️ IP: ::1 📅: Monday 🌐 Incoming Request: \u001b[32mGET 🔍\u001b[39m \u001b[32m200 🎉\u001b[39m \u001b[35m/api/v1/booking/admin\u001b[39m ⏱️ Response Time: \u001b[93m1736 ms\u001b[39m","size":"324461","timestamp":"22-06-2026 15:15:53"}
{"level":"info","message":"🖥️ IP: ::1 📅: Monday 🌐 Incoming Request: \u001b[32mGET 🔍\u001b[39m \u001b[34m304 ❗\u001b[39m \u001b[35m/api/v1/user/getMe\u001b[39m ⏱️ Response Time: \u001b[93m568 ms\u001b[39m","size":0,"timestamp":"22-06-2026 15:16:03"}
{"level":"info","message":"🖥️ IP: ::1 📅: Monday 🌐 Incoming Request: \u001b[32mGET 🔍\u001b[39m \u001b[34m304 ❗\u001b[39m \u001b[35m/api/v1/booking/admin\u001b[39m ⏱️ Response Time: \u001b[93m3795 ms\u001b[39m","size":0,"timestamp":"22-06-2026 15:16:07"}
{"level":"info","message":"🖥️ IP: ::1 📅: Monday 🌐 Incoming Request: \u001b[32mGET 🔍\u001b[39m \u001b[34m304 ❗\u001b[39m \u001b[35m/api/v1/user/getMe\u001b[39m ⏱️ Response Time: \u001b[93m552 ms\u001b[39m","size":0,"timestamp":"22-06-2026 15:16:41"}
{"level":"info","message":"🖥️ IP: ::1 📅: Monday 🌐 Incoming Request: \u001b[32mGET 🔍\u001b[39m \u001b[34m304 ❗\u001b[39m \u001b[35m/api/v1/student\u001b[39m ⏱️ Response Time: \u001b[93m1423 ms\u001b[39m","size":0,"timestamp":"22-06-2026 15:16:42"}
{"level":"info","message":"🖥️ IP: ::1 📅: Monday 🌐 Incoming Request: \u001b[32mGET 🔍\u001b[39m \u001b[34m304 ❗\u001b[39m \u001b[35m/api/v1/booking/admin\u001b[39m ⏱️ Response Time: \u001b[93m2395 ms\u001b[39m","size":0,"timestamp":"22-06-2026 15:20:08"}
{"level":"info","message":"🖥️ IP: ::1 📅: Monday 🌐 Incoming Request: \u001b[32mGET 🔍\u001b[39m \u001b[32m200 🎉\u001b[39m \u001b[35m/api/v1/what-you-get\u001b[39m ⏱️ Response Time: \u001b[93m288 ms\u001b[39m","size":"902","timestamp":"22-06-2026 15:20:30"}
{"level":"info","message":"🖥️ IP: ::1 📅: Monday 🌐 Incoming Request: \u001b[32mGET 🔍\u001b[39m \u001b[32m200 🎉\u001b[39m \u001b[35m/api/v1/hero\u001b[39m ⏱️ Response Time: \u001b[93m299 ms\u001b[39m","size":"1090","timestamp":"22-06-2026 15:20:30"}
{"level":"info","message":"🖥️ IP: ::1 📅: Monday 🌐 Incoming Request: \u001b[32mGET 🔍\u001b[39m \u001b[32m200 🎉\u001b[39m \u001b[35m/api/v1/how-it-works\u001b[39m ⏱️ Response Time: \u001b[93m301 ms\u001b[39m","size":"993","timestamp":"22-06-2026 15:20:30"}
{"level":"info","message":"🖥️ IP: ::1 📅: Monday 🌐 Incoming Request: \u001b[32mGET 🔍\u001b[39m \u001b[32m200 🎉\u001b[39m \u001b[35m/api/v1/faq\u001b[39m ⏱️ Response Time: \u001b[93m299 ms\u001b[39m","size":"2740","timestamp":"22-06-2026 15:20:30"}
{"level":"info","message":"🖥️ IP: ::1 📅: Monday 🌐 Incoming Request: \u001b[32mGET 🔍\u001b[39m \u001b[32m200 🎉\u001b[39m \u001b[35m/api/v1/about\u001b[39m ⏱️ Response Time: \u001b[93m302 ms\u001b[39m","size":"1364","timestamp":"22-06-2026 15:20:30"}
{"level":"info","message":"🖥️ IP: ::1 📅: Monday 🌐 Incoming Request: \u001b[32mGET 🔍\u001b[39m \u001b[32m200 🎉\u001b[39m \u001b[35m/api/v1/our-story\u001b[39m ⏱️ Response Time: \u001b[93m306 ms\u001b[39m","size":"2522","timestamp":"22-06-2026 15:20:30"}
{"level":"info","message":"🖥️ IP: ::1 📅: Monday 🌐 Incoming Request: \u001b[32mGET 🔍\u001b[39m \u001b[32m200 🎉\u001b[39m \u001b[35m/api/v1/cta-2\u001b[39m ⏱️ Response Time: \u001b[93m275 ms\u001b[39m","size":"398","timestamp":"22-06-2026 15:20:30"}
{"level":"info","message":"🖥️ IP: ::1 📅: Monday 🌐 Incoming Request: \u001b[32mGET 🔍\u001b[39m \u001b[32m200 🎉\u001b[39m \u001b[35m/api/v1/cta\u001b[39m ⏱️ Response Time: \u001b[93m278 ms\u001b[39m","size":"697","timestamp":"22-06-2026 15:20:30"}
{"level":"info","message":"🖥️ IP: ::1 📅: Monday 🌐 Incoming Request: \u001b[32mGET 🔍\u001b[39m \u001b[32m200 🎉\u001b[39m \u001b[35m/api/v1/payment\u001b[39m ⏱️ Response Time: \u001b[93m1610 ms\u001b[39m","size":"19398","timestamp":"22-06-2026 15:20:43"}
{"level":"info","message":"🖥️ IP: ::1 📅: Monday 🌐 Incoming Request: \u001b[32mGET 🔍\u001b[39m \u001b[34m304 ❗\u001b[39m \u001b[35m/api/v1/user/getMe\u001b[39m ⏱️ Response Time: \u001b[93m562 ms\u001b[39m","size":0,"timestamp":"22-06-2026 15:24:59"}
{"level":"info","message":"🖥️ IP: ::1 📅: Monday 🌐 Incoming Request: \u001b[32mGET 🔍\u001b[39m \u001b[34m304 ❗\u001b[39m \u001b[35m/api/v1/payment\u001b[39m ⏱️ Response Time: \u001b[93m1107 ms\u001b[39m","size":0,"timestamp":"22-06-2026 15:25:00"}
{"level":"info","message":"🖥️ IP: ::1 📅: Monday 🌐 Incoming Request: \u001b[32mGET 🔍\u001b[39m \u001b[34m304 ❗\u001b[39m \u001b[35m/api/v1/user/getMe\u001b[39m ⏱️ Response Time: \u001b[93m560 ms\u001b[39m","size":0,"timestamp":"22-06-2026 15:25:13"}
{"level":"info","message":"🖥️ IP: ::1 📅: Monday 🌐 Incoming Request: \u001b[32mGET 🔍\u001b[39m \u001b[34m304 ❗\u001b[39m \u001b[35m/api/v1/payment\u001b[39m ⏱️ Response Time: \u001b[93m829 ms\u001b[39m","size":0,"timestamp":"22-06-2026 15:25:13"}
{"level":"info","message":"🖥️ IP: ::1 📅: Monday 🌐 Incoming Request: \u001b[32mGET 🔍\u001b[39m \u001b[34m304 ❗\u001b[39m \u001b[35m/api/v1/what-you-get\u001b[39m ⏱️ Response Time: \u001b[93m274 ms\u001b[39m","size":0,"timestamp":"22-06-2026 15:26:17"}
{"level":"info","message":"🖥️ IP: ::1 📅: Monday 🌐 Incoming Request: \u001b[32mGET 🔍\u001b[39m \u001b[34m304 ❗\u001b[39m \u001b[35m/api/v1/how-it-works\u001b[39m ⏱️ Response Time: \u001b[93m278 ms\u001b[39m","size":0,"timestamp":"22-06-2026 15:26:17"}
{"level":"info","message":"🖥️ IP: ::1 📅: Monday 🌐 Incoming Request: \u001b[32mGET 🔍\u001b[39m \u001b[34m304 ❗\u001b[39m \u001b[35m/api/v1/hero\u001b[39m ⏱️ Response Time: \u001b[93m284 ms\u001b[39m","size":0,"timestamp":"22-06-2026 15:26:17"}
{"level":"info","message":"🖥️ IP: ::1 📅: Monday 🌐 Incoming Request: \u001b[32mGET 🔍\u001b[39m \u001b[34m304 ❗\u001b[39m \u001b[35m/api/v1/our-story\u001b[39m ⏱️ Response Time: \u001b[93m283 ms\u001b[39m","size":0,"timestamp":"22-06-2026 15:26:17"}
{"level":"info","message":"🖥️ IP: ::1 📅: Monday 🌐 Incoming Request: \u001b[32mGET 🔍\u001b[39m \u001b[34m304 ❗\u001b[39m \u001b[35m/api/v1/cta\u001b[39m ⏱️ Response Time: \u001b[93m284 ms\u001b[39m","size":0,"timestamp":"22-06-2026 15:26:17"}
{"level":"info","message":"🖥️ IP: ::1 📅: Monday 🌐 Incoming Request: \u001b[32mGET 🔍\u001b[39m \u001b[34m304 ❗\u001b[39m \u001b[35m/api/v1/faq\u001b[39m ⏱️ Response Time: \u001b[93m287 ms\u001b[39m","size":0,"timestamp":"22-06-2026 15:26:17"}
{"level":"info","message":"🖥️ IP: ::1 📅: Monday 🌐 Incoming Request: \u001b[32mGET 🔍\u001b[39m \u001b[34m304 ❗\u001b[39m \u001b[35m/api/v1/cta-2\u001b[39m ⏱️ Response Time: \u001b[93m275 ms\u001b[39m","size":0,"timestamp":"22-06-2026 15:26:17"}
{"level":"info","message":"🖥️ IP: ::1 📅: Monday 🌐 Incoming Request: \u001b[32mGET 🔍\u001b[39m \u001b[34m304 ❗\u001b[39m \u001b[35m/api/v1/about\u001b[39m ⏱️ Response Time: \u001b[93m279 ms\u001b[39m","size":0,"timestamp":"22-06-2026 15:26:17"}
{"level":"info","message":"🖥️ IP: ::1 📅: Monday 🌐 Incoming Request: \u001b[32mGET 🔍\u001b[39m \u001b[34m304 ❗\u001b[39m \u001b[35m/api/v1/student\u001b[39m ⏱️ Response Time: \u001b[93m2015 ms\u001b[39m","size":0,"timestamp":"22-06-2026 15:26:21"}
{"level":"info","message":"🖥️ IP: ::1 📅: Monday 🌐 Incoming Request: \u001b[32mGET 🔍\u001b[39m \u001b[34m304 ❗\u001b[39m \u001b[35m/api/v1/teacher\u001b[39m ⏱️ Response Time: \u001b[93m293 ms\u001b[39m","size":0,"timestamp":"22-06-2026 15:26:23"}
{"level":"info","message":"🖥️ IP: ::1 📅: Monday 🌐 Incoming Request: \u001b[32mGET 🔍\u001b[39m \u001b[34m304 ❗\u001b[39m \u001b[35m/api/v1/stats?period=weekly&weeks=4\u001b[39m ⏱️ Response Time: \u001b[93m858 ms\u001b[39m","size":0,"timestamp":"22-06-2026 15:26:25"}
{"level":"info","message":"🖥️ IP: ::1 📅: Monday 🌐 Incoming Request: \u001b[32mGET 🔍\u001b[39m \u001b[34m304 ❗\u001b[39m \u001b[35m/api/v1/booking/admin\u001b[39m ⏱️ Response Time: \u001b[93m2676 ms\u001b[39m","size":0,"timestamp":"22-06-2026 15:26:29"}
{"level":"info","message":"🖥️ IP: ::1 📅: Monday 🌐 Incoming Request: \u001b[31mDELETE some error 😢☹️\u001b[39m \u001b[31m404 ⚠️\u001b[39m \u001b[35m/api/v1/booking/6a290167497be35146bfa863\u001b[39m ⏱️ Response Time: \u001b[93m1 ms\u001b[39m","size":"47","timestamp":"22-06-2026 15:26:57"}
{"level":"info","message":"🖥️ IP: ::1 📅: Monday 🌐 Incoming Request: \u001b[32mGET 🔍\u001b[39m \u001b[34m304 ❗\u001b[39m \u001b[35m/api/v1/booking/admin\u001b[39m ⏱️ Response Time: \u001b[93m1467 ms\u001b[39m","size":0,"timestamp":"22-06-2026 15:26:59"}
{"level":"info","message":"🖥️ IP: ::1 📅: Monday 🌐 Incoming Request: \u001b[31mDELETE some error 😢☹️\u001b[39m \u001b[31m404 ⚠️\u001b[39m \u001b[35m/api/v1/booking/6a290167497be35146bfa863\u001b[39m ⏱️ Response Time: \u001b[93m1 ms\u001b[39m","size":"47","timestamp":"22-06-2026 15:27:01"}
{"level":"info","message":"🖥️ IP: ::1 📅: Monday 🌐 Incoming Request: \u001b[31mDELETE some error 😢☹️\u001b[39m \u001b[31m404 ⚠️\u001b[39m \u001b[35m/api/v1/booking/6a290167497be35146bfa863\u001b[39m ⏱️ Response Time: \u001b[93m1 ms\u001b[39m","size":"47","timestamp":"22-06-2026 15:27:03"}
{"level":"info","message":"🖥️ IP: ::1 📅: Monday 🌐 Incoming Request: \u001b[32mGET 🔍\u001b[39m \u001b[34m304 ❗\u001b[39m \u001b[35m/api/v1/booking/admin\u001b[39m ⏱️ Response Time: \u001b[93m3163 ms\u001b[39m","size":0,"timestamp":"22-06-2026 15:27:04"}
{"level":"info","message":"🖥️ IP: ::1 📅: Monday 🌐 Incoming Request: \u001b[31mDELETE some error 😢☹️\u001b[39m \u001b[31m404 ⚠️\u001b[39m \u001b[35m/api/v1/booking/6a290167497be35146bfa863\u001b[39m ⏱️ Response Time: \u001b[93m1 ms\u001b[39m","size":"47","timestamp":"22-06-2026 15:27:06"}
{"level":"info","message":"🖥️ IP: ::1 📅: Monday 🌐 Incoming Request: \u001b[32mGET 🔍\u001b[39m \u001b[34m304 ❗\u001b[39m \u001b[35m/api/v1/booking/admin\u001b[39m ⏱️ Response Time: \u001b[93m3493 ms\u001b[39m","size":0,"timestamp":"22-06-2026 15:27:07"}
{"level":"info","message":"🖥️ IP: ::1 📅: Monday 🌐 Incoming Request: \u001b[32mGET 🔍\u001b[39m \u001b[34m304 ❗\u001b[39m \u001b[35m/api/v1/booking/admin\u001b[39m ⏱️ Response Time: \u001b[93m2617 ms\u001b[39m","size":0,"timestamp":"22-06-2026 15:27:10"}
{"level":"info","message":"🖥️ IP: ::1 📅: Monday 🌐 Incoming Request: \u001b[31mDELETE some error 😢☹️\u001b[39m \u001b[31m404 ⚠️\u001b[39m \u001b[35m/api/v1/booking/6a290167497be35146bfa863\u001b[39m ⏱️ Response Time: \u001b[93m0 ms\u001b[39m","size":"47","timestamp":"22-06-2026 15:27:11"}
{"level":"info","message":"🖥️ IP: ::1 📅: Monday 🌐 Incoming Request: \u001b[32mGET 🔍\u001b[39m \u001b[34m304 ❗\u001b[39m \u001b[35m/api/v1/booking/admin\u001b[39m ⏱️ Response Time: \u001b[93m3435 ms\u001b[39m","size":0,"timestamp":"22-06-2026 15:27:14"}
{"level":"info","message":"🖥️ IP: ::1 📅: Monday 🌐 Incoming Request: \u001b[32mGET 🔍\u001b[39m \u001b[34m304 ❗\u001b[39m \u001b[35m/api/v1/payment\u001b[39m ⏱️ Response Time: \u001b[93m1155 ms\u001b[39m","size":0,"timestamp":"22-06-2026 15:27:26"}
{"level":"info","message":"🖥️ IP: ::1 📅: Monday 🌐 Incoming Request: \u001b[32mGET 🔍\u001b[39m \u001b[34m304 ❗\u001b[39m \u001b[35m/api/v1/user/getMe\u001b[39m ⏱️ Response Time: \u001b[93m568 ms\u001b[39m","size":0,"timestamp":"22-06-2026 15:34:18"}
{"level":"info","message":"🖥️ IP: ::1 📅: Monday 🌐 Incoming Request: \u001b[32mGET 🔍\u001b[39m \u001b[34m304 ❗\u001b[39m \u001b[35m/api/v1/payment\u001b[39m ⏱️ Response Time: \u001b[93m1115 ms\u001b[39m","size":0,"timestamp":"22-06-2026 15:34:19"}
{"level":"info","message":"\r✅ Mongodb connected successfully in 2599ms","timestamp":"22-06-2026 15:35:30"}
{"level":"info","message":"[payoutCron] Payout cron scheduled (Sundays 08:00 UTC)","timestamp":"22-06-2026 15:35:30"}
{"level":"info","message":"[payoutCron] Payout for 2026-06-21T08:00:00.000Z status: completed — no action needed.","timestamp":"22-06-2026 15:35:34"}
{"level":"info","message":"\r✅ Mongodb connected successfully in 2539ms","timestamp":"22-06-2026 15:36:25"}
{"level":"info","message":"[payoutCron] Payout cron scheduled (Sundays 08:00 UTC)","timestamp":"22-06-2026 15:36:25"}
{"level":"info","message":"\r✅ Mongodb connected successfully in 2554ms","timestamp":"22-06-2026 15:36:36"}
{"level":"info","message":"[payoutCron] Payout cron scheduled (Sundays 08:00 UTC)","timestamp":"22-06-2026 15:36:36"}
{"level":"info","message":"[payoutCron] Payout for 2026-06-21T08:00:00.000Z status: completed — no action needed.","timestamp":"22-06-2026 15:36:39"}
{"level":"info","message":"🖥️ IP: ::1 📅: Monday 🌐 Incoming Request: \u001b[32mGET 🔍\u001b[39m \u001b[34m304 ❗\u001b[39m \u001b[35m/api/v1/user/getMe\u001b[39m ⏱️ Response Time: \u001b[93m531 ms\u001b[39m","size":0,"timestamp":"22-06-2026 15:36:40"}
{"level":"info","message":"🖥️ IP: ::1 📅: Monday 🌐 Incoming Request: \u001b[32mGET 🔍\u001b[39m \u001b[32m200 🎉\u001b[39m \u001b[35m/api/v1/payment\u001b[39m ⏱️ Response Time: \u001b[93m2496 ms\u001b[39m","size":"2463","timestamp":"22-06-2026 15:36:42"}
{"level":"info","message":"🖥️ IP: ::1 📅: Monday 🌐 Incoming Request: \u001b[32mGET 🔍\u001b[39m \u001b[34m304 ❗\u001b[39m \u001b[35m/api/v1/stats?period=weekly&weeks=4\u001b[39m ⏱️ Response Time: \u001b[93m4060 ms\u001b[39m","size":0,"timestamp":"22-06-2026 15:37:02"}
{"level":"info","message":"🖥️ IP: ::1 📅: Monday 🌐 Incoming Request: \u001b[32mGET 🔍\u001b[39m \u001b[32m200 🎉\u001b[39m \u001b[35m/api/v1/stats?period=monthly&weeks=4\u001b[39m ⏱️ Response Time: \u001b[93m840 ms\u001b[39m","size":"1081","timestamp":"22-06-2026 15:37:13"}
{"level":"info","message":"🖥️ IP: ::1 📅: Monday 🌐 Incoming Request: \u001b[32mGET 🔍\u001b[39m \u001b[32m200 🎉\u001b[39m \u001b[35m/api/v1/stats?period=all&weeks=4\u001b[39m ⏱️ Response Time: \u001b[93m821 ms\u001b[39m","size":"1078","timestamp":"22-06-2026 15:37:17"}
{"level":"info","message":"🖥️ IP: ::1 📅: Monday 🌐 Incoming Request: \u001b[32mGET 🔍\u001b[39m \u001b[34m304 ❗\u001b[39m \u001b[35m/api/v1/teacher\u001b[39m ⏱️ Response Time: \u001b[93m278 ms\u001b[39m","size":0,"timestamp":"22-06-2026 15:41:18"}
{"level":"info","message":"🖥️ IP: ::1 📅: Monday 🌐 Incoming Request: \u001b[32mGET 🔍\u001b[39m \u001b[34m304 ❗\u001b[39m \u001b[35m/api/v1/student\u001b[39m ⏱️ Response Time: \u001b[93m1695 ms\u001b[39m","size":0,"timestamp":"22-06-2026 15:41:21"}
{"level":"info","message":"🖥️ IP: ::1 📅: Monday 🌐 Incoming Request: \u001b[32mGET 🔍\u001b[39m \u001b[34m304 ❗\u001b[39m \u001b[35m/api/v1/booking/admin\u001b[39m ⏱️ Response Time: \u001b[93m1682 ms\u001b[39m","size":0,"timestamp":"22-06-2026 15:41:46"}
{"level":"info","message":"🖥️ IP: ::1 📅: Monday 🌐 Incoming Request: \u001b[32mGET 🔍\u001b[39m \u001b[34m304 ❗\u001b[39m \u001b[35m/api/v1/payment\u001b[39m ⏱️ Response Time: \u001b[93m822 ms\u001b[39m","size":0,"timestamp":"22-06-2026 15:42:52"}
{"level":"info","message":"🖥️ IP: ::1 📅: Monday 🌐 Incoming Request: \u001b[32mGET 🔍\u001b[39m \u001b[34m304 ❗\u001b[39m \u001b[35m/api/v1/what-you-get\u001b[39m ⏱️ Response Time: \u001b[93m269 ms\u001b[39m","size":0,"timestamp":"22-06-2026 15:43:15"}
{"level":"info","message":"🖥️ IP: ::1 📅: Monday 🌐 Incoming Request: \u001b[32mGET 🔍\u001b[39m \u001b[34m304 ❗\u001b[39m \u001b[35m/api/v1/hero\u001b[39m ⏱️ Response Time: \u001b[93m278 ms\u001b[39m","size":0,"timestamp":"22-06-2026 15:43:15"}
{"level":"info","message":"🖥️ IP: ::1 📅: Monday 🌐 Incoming Request: \u001b[32mGET 🔍\u001b[39m \u001b[34m304 ❗\u001b[39m \u001b[35m/api/v1/how-it-works\u001b[39m ⏱️ Response Time: \u001b[93m277 ms\u001b[39m","size":0,"timestamp":"22-06-2026 15:43:15"}
{"level":"info","message":"🖥️ IP: ::1 📅: Monday 🌐 Incoming Request: \u001b[32mGET 🔍\u001b[39m \u001b[34m304 ❗\u001b[39m \u001b[35m/api/v1/cta\u001b[39m ⏱️ Response Time: \u001b[93m274 ms\u001b[39m","size":0,"timestamp":"22-06-2026 15:43:15"}
{"level":"info","message":"🖥️ IP: ::1 📅: Monday 🌐 Incoming Request: \u001b[32mGET 🔍\u001b[39m \u001b[34m304 ❗\u001b[39m \u001b[35m/api/v1/faq\u001b[39m ⏱️ Response Time: \u001b[93m281 ms\u001b[39m","size":0,"timestamp":"22-06-2026 15:43:15"}
{"level":"info","message":"🖥️ IP: ::1 📅: Monday 🌐 Incoming Request: \u001b[32mGET 🔍\u001b[39m \u001b[34m304 ❗\u001b[39m \u001b[35m/api/v1/our-story\u001b[39m ⏱️ Response Time: \u001b[93m285 ms\u001b[39m","size":0,"timestamp":"22-06-2026 15:43:15"}
{"level":"info","message":"🖥️ IP: ::1 📅: Monday 🌐 Incoming Request: \u001b[32mGET 🔍\u001b[39m \u001b[34m304 ❗\u001b[39m \u001b[35m/api/v1/about\u001b[39m ⏱️ Response Time: \u001b[93m276 ms\u001b[39m","size":0,"timestamp":"22-06-2026 15:43:15"}
{"level":"info","message":"🖥️ IP: ::1 📅: Monday 🌐 Incoming Request: \u001b[32mGET 🔍\u001b[39m \u001b[34m304 ❗\u001b[39m \u001b[35m/api/v1/cta-2\u001b[39m ⏱️ Response Time: \u001b[93m277 ms\u001b[39m","size":0,"timestamp":"22-06-2026 15:43:15"}
{"level":"info","message":"🖥️ IP: ::1 📅: Monday 🌐 Incoming Request: \u001b[32mGET 🔍\u001b[39m \u001b[34m304 ❗\u001b[39m \u001b[35m/api/v1/teacher\u001b[39m ⏱️ Response Time: \u001b[93m276 ms\u001b[39m","size":0,"timestamp":"22-06-2026 15:43:20"}
{"level":"info","message":"🖥️ IP: ::1 📅: Monday 🌐 Incoming Request: \u001b[32mGET 🔍\u001b[39m \u001b[34m304 ❗\u001b[39m \u001b[35m/api/v1/stats?period=weekly&weeks=4\u001b[39m ⏱️ Response Time: \u001b[93m810 ms\u001b[39m","size":0,"timestamp":"22-06-2026 15:43:23"}
